running egg_info
writing ../build/cloud_fixer/cloud_fixer.egg-info/PKG-INFO
writing dependency_links to ../build/cloud_fixer/cloud_fixer.egg-info/dependency_links.txt
writing entry points to ../build/cloud_fixer/cloud_fixer.egg-info/entry_points.txt
writing requirements to ../build/cloud_fixer/cloud_fixer.egg-info/requires.txt
writing top-level names to ../build/cloud_fixer/cloud_fixer.egg-info/top_level.txt
reading manifest file '../build/cloud_fixer/cloud_fixer.egg-info/SOURCES.txt'
writing manifest file '../build/cloud_fixer/cloud_fixer.egg-info/SOURCES.txt'
running build
running build_py
copying cloud_fixer/cloud_fixer_node.py -> /home/miningdox/tfg/pruebas/herramientasadicionales/lidarslam/build/cloud_fixer/build/lib/cloud_fixer
running install
running install_lib
copying /home/miningdox/tfg/pruebas/herramientasadicionales/lidarslam/build/cloud_fixer/build/lib/cloud_fixer/cloud_fixer_node.py -> /home/miningdox/tfg/pruebas/herramientasadicionales/lidarslam/install/cloud_fixer/lib/python3.10/site-packages/cloud_fixer
byte-compiling /home/miningdox/tfg/pruebas/herramientasadicionales/lidarslam/install/cloud_fixer/lib/python3.10/site-packages/cloud_fixer/cloud_fixer_node.py to cloud_fixer_node.cpython-310.pyc
running install_data
running install_egg_info
removing '/home/miningdox/tfg/pruebas/herramientasadicionales/lidarslam/install/cloud_fixer/lib/python3.10/site-packages/cloud_fixer-0.0.0-py3.10.egg-info' (and everything under it)
Copying ../build/cloud_fixer/cloud_fixer.egg-info to /home/miningdox/tfg/pruebas/herramientasadicionales/lidarslam/install/cloud_fixer/lib/python3.10/site-packages/cloud_fixer-0.0.0-py3.10.egg-info
running install_scripts
Installing cloud_fixer_node script to /home/miningdox/tfg/pruebas/herramientasadicionales/lidarslam/install/cloud_fixer/lib/cloud_fixer
writing list of installed files to '/home/miningdox/tfg/pruebas/herramientasadicionales/lidarslam/build/cloud_fixer/install.log'
