[0.046s] DEBUG:colcon:Command line arguments: ['/usr/bin/colcon', 'build', '--packages-select', 'cloud_fixer']
[0.046s] DEBUG:colcon:Parsed command line arguments: Namespace(log_base=None, log_level=None, verb_name='build', build_base='build', install_base='install', merge_install=False, symlink_install=False, test_result_base=None, continue_on_error=False, executor='parallel', parallel_workers=28, event_handlers=None, ignore_user_meta=False, metas=['./colcon.meta'], base_paths=['.'], packages_ignore=None, packages_ignore_regex=None, paths=None, packages_up_to=None, packages_up_to_regex=None, packages_above=None, packages_above_and_dependencies=None, packages_above_depth=None, packages_select_by_dep=None, packages_skip_by_dep=None, packages_skip_up_to=None, packages_select_build_failed=False, packages_skip_build_finished=False, packages_select_test_failures=False, packages_skip_test_passed=False, packages_select=['cloud_fixer'], packages_skip=None, packages_select_regex=None, packages_skip_regex=None, packages_start=None, packages_end=None, allow_overriding=[], cmake_args=None, cmake_target=None, cmake_target_skip_unavailable=False, cmake_clean_cache=False, cmake_clean_first=False, cmake_force_configure=False, ament_cmake_args=None, catkin_cmake_args=None, catkin_skip_building_tests=False, mixin_files=None, mixin=None, verb_parser=<colcon_mixin.mixin.mixin_argument.MixinArgumentDecorator object at 0x7bf649fcf640>, verb_extension=<colcon_core.verb.build.BuildVerb object at 0x7bf649fce9e0>, main=<bound method BuildVerb.main of <colcon_core.verb.build.BuildVerb object at 0x7bf649fce9e0>>, mixin_verb=('build',))
[0.118s] Level 1:colcon.colcon_core.package_discovery:discover_packages(colcon_meta) check parameters
[0.118s] Level 1:colcon.colcon_core.package_discovery:discover_packages(recursive) check parameters
[0.118s] Level 1:colcon.colcon_core.package_discovery:discover_packages(ignore) check parameters
[0.118s] Level 1:colcon.colcon_core.package_discovery:discover_packages(path) check parameters
[0.118s] Level 1:colcon.colcon_core.package_discovery:discover_packages(colcon_meta) discover
[0.118s] Level 1:colcon.colcon_core.package_discovery:discover_packages(recursive) discover
[0.118s] INFO:colcon.colcon_core.package_discovery:Crawling recursively for packages in '/home/miningdox/tfg/pruebas/herramientasadicionales/lidarslam'
[0.118s] Level 1:colcon.colcon_core.package_identification:_identify(.) by extensions ['ignore', 'ignore_ament_install']
[0.118s] Level 1:colcon.colcon_core.package_identification:_identify(.) by extension 'ignore'
[0.118s] Level 1:colcon.colcon_core.package_identification:_identify(.) by extension 'ignore_ament_install'
[0.118s] Level 1:colcon.colcon_core.package_identification:_identify(.) by extensions ['colcon_pkg']
[0.118s] Level 1:colcon.colcon_core.package_identification:_identify(.) by extension 'colcon_pkg'
[0.118s] Level 1:colcon.colcon_core.package_identification:_identify(.) by extensions ['colcon_meta']
[0.119s] Level 1:colcon.colcon_core.package_identification:_identify(.) by extension 'colcon_meta'
[0.119s] Level 1:colcon.colcon_core.package_identification:_identify(.) by extensions ['ros']
[0.119s] Level 1:colcon.colcon_core.package_identification:_identify(.) by extension 'ros'
[0.127s] Level 1:colcon.colcon_core.package_identification:_identify(.) by extensions ['cmake', 'python']
[0.127s] Level 1:colcon.colcon_core.package_identification:_identify(.) by extension 'cmake'
[0.127s] Level 1:colcon.colcon_core.package_identification:_identify(.) by extension 'python'
[0.127s] Level 1:colcon.colcon_core.package_identification:_identify(.) by extensions ['python_setup_py']
[0.127s] Level 1:colcon.colcon_core.package_identification:_identify(.) by extension 'python_setup_py'
[0.128s] Level 1:colcon.colcon_core.package_identification:_identify(build) by extensions ['ignore', 'ignore_ament_install']
[0.128s] Level 1:colcon.colcon_core.package_identification:_identify(build) by extension 'ignore'
[0.128s] Level 1:colcon.colcon_core.package_identification:_identify(build) ignored
[0.128s] Level 1:colcon.colcon_core.package_identification:_identify(cloud_fixer) by extensions ['ignore', 'ignore_ament_install']
[0.128s] Level 1:colcon.colcon_core.package_identification:_identify(cloud_fixer) by extension 'ignore'
[0.128s] Level 1:colcon.colcon_core.package_identification:_identify(cloud_fixer) by extension 'ignore_ament_install'
[0.128s] Level 1:colcon.colcon_core.package_identification:_identify(cloud_fixer) by extensions ['colcon_pkg']
[0.128s] Level 1:colcon.colcon_core.package_identification:_identify(cloud_fixer) by extension 'colcon_pkg'
[0.128s] Level 1:colcon.colcon_core.package_identification:_identify(cloud_fixer) by extensions ['colcon_meta']
[0.128s] Level 1:colcon.colcon_core.package_identification:_identify(cloud_fixer) by extension 'colcon_meta'
[0.128s] Level 1:colcon.colcon_core.package_identification:_identify(cloud_fixer) by extensions ['ros']
[0.128s] Level 1:colcon.colcon_core.package_identification:_identify(cloud_fixer) by extension 'ros'
[0.129s] DEBUG:colcon.colcon_core.package_identification:Package 'cloud_fixer' with type 'ros.ament_python' and name 'cloud_fixer'
[0.129s] Level 1:colcon.colcon_core.package_identification:_identify(install) by extensions ['ignore', 'ignore_ament_install']
[0.129s] Level 1:colcon.colcon_core.package_identification:_identify(install) by extension 'ignore'
[0.129s] Level 1:colcon.colcon_core.package_identification:_identify(install) ignored
[0.129s] Level 1:colcon.colcon_core.package_identification:_identify(log) by extensions ['ignore', 'ignore_ament_install']
[0.129s] Level 1:colcon.colcon_core.package_identification:_identify(log) by extension 'ignore'
[0.129s] Level 1:colcon.colcon_core.package_identification:_identify(log) ignored
[0.129s] Level 1:colcon.colcon_core.package_discovery:discover_packages(recursive) using defaults
[0.129s] Level 1:colcon.colcon_core.package_discovery:discover_packages(ignore) discover
[0.129s] Level 1:colcon.colcon_core.package_discovery:discover_packages(ignore) using defaults
[0.129s] Level 1:colcon.colcon_core.package_discovery:discover_packages(path) discover
[0.129s] Level 1:colcon.colcon_core.package_discovery:discover_packages(path) using defaults
[0.138s] Level 1:colcon.colcon_core.package_discovery:discover_packages(prefix_path) check parameters
[0.138s] Level 1:colcon.colcon_core.package_discovery:discover_packages(prefix_path) discover
[0.138s] DEBUG:colcon.colcon_installed_package_information.package_discovery:Found 1 installed packages in /home/miningdox/tfg/pruebas/herramientasadicionales/lidarslam/install
[0.139s] DEBUG:colcon.colcon_installed_package_information.package_discovery:Found 422 installed packages in /opt/ros/humble
[0.140s] Level 1:colcon.colcon_core.package_discovery:discover_packages(prefix_path) using defaults
[0.160s] Level 5:colcon.colcon_core.verb:set package 'cloud_fixer' build argument 'cmake_args' from command line to 'None'
[0.160s] Level 5:colcon.colcon_core.verb:set package 'cloud_fixer' build argument 'cmake_target' from command line to 'None'
[0.160s] Level 5:colcon.colcon_core.verb:set package 'cloud_fixer' build argument 'cmake_target_skip_unavailable' from command line to 'False'
[0.160s] Level 5:colcon.colcon_core.verb:set package 'cloud_fixer' build argument 'cmake_clean_cache' from command line to 'False'
[0.160s] Level 5:colcon.colcon_core.verb:set package 'cloud_fixer' build argument 'cmake_clean_first' from command line to 'False'
[0.160s] Level 5:colcon.colcon_core.verb:set package 'cloud_fixer' build argument 'cmake_force_configure' from command line to 'False'
[0.160s] Level 5:colcon.colcon_core.verb:set package 'cloud_fixer' build argument 'ament_cmake_args' from command line to 'None'
[0.160s] Level 5:colcon.colcon_core.verb:set package 'cloud_fixer' build argument 'catkin_cmake_args' from command line to 'None'
[0.160s] Level 5:colcon.colcon_core.verb:set package 'cloud_fixer' build argument 'catkin_skip_building_tests' from command line to 'False'
[0.160s] DEBUG:colcon.colcon_core.verb:Building package 'cloud_fixer' with the following arguments: {'ament_cmake_args': None, 'build_base': '/home/miningdox/tfg/pruebas/herramientasadicionales/lidarslam/build/cloud_fixer', 'catkin_cmake_args': None, 'catkin_skip_building_tests': False, 'cmake_args': None, 'cmake_clean_cache': False, 'cmake_clean_first': False, 'cmake_force_configure': False, 'cmake_target': None, 'cmake_target_skip_unavailable': False, 'install_base': '/home/miningdox/tfg/pruebas/herramientasadicionales/lidarslam/install/cloud_fixer', 'merge_install': False, 'path': '/home/miningdox/tfg/pruebas/herramientasadicionales/lidarslam/cloud_fixer', 'symlink_install': False, 'test_result_base': None}
[0.160s] INFO:colcon.colcon_core.executor:Executing jobs using 'parallel' executor
[0.160s] DEBUG:colcon.colcon_parallel_executor.executor.parallel:run_until_complete
[0.160s] INFO:colcon.colcon_ros.task.ament_python.build:Building ROS package in '/home/miningdox/tfg/pruebas/herramientasadicionales/lidarslam/cloud_fixer' with build type 'ament_python'
[0.161s] Level 1:colcon.colcon_core.shell:create_environment_hook('cloud_fixer', 'ament_prefix_path')
[0.161s] INFO:colcon.colcon_core.plugin_system:Skipping extension 'colcon_core.shell.bat': Not used on non-Windows systems
[0.161s] INFO:colcon.colcon_core.shell:Creating environment hook '/home/miningdox/tfg/pruebas/herramientasadicionales/lidarslam/install/cloud_fixer/share/cloud_fixer/hook/ament_prefix_path.ps1'
[0.162s] INFO:colcon.colcon_core.shell:Creating environment descriptor '/home/miningdox/tfg/pruebas/herramientasadicionales/lidarslam/install/cloud_fixer/share/cloud_fixer/hook/ament_prefix_path.dsv'
[0.162s] INFO:colcon.colcon_core.shell:Creating environment hook '/home/miningdox/tfg/pruebas/herramientasadicionales/lidarslam/install/cloud_fixer/share/cloud_fixer/hook/ament_prefix_path.sh'
[0.162s] INFO:colcon.colcon_core.shell:Skip shell extension 'powershell' for command environment: Not usable outside of PowerShell
[0.162s] DEBUG:colcon.colcon_core.shell:Skip shell extension 'dsv' for command environment
[0.272s] INFO:colcon.colcon_core.task.python.build:Building Python package in '/home/miningdox/tfg/pruebas/herramientasadicionales/lidarslam/cloud_fixer'
[0.272s] INFO:colcon.colcon_core.shell:Skip shell extension 'powershell' for command environment: Not usable outside of PowerShell
[0.272s] DEBUG:colcon.colcon_core.shell:Skip shell extension 'dsv' for command environment
[0.426s] DEBUG:colcon.colcon_core.event_handler.log_command:Invoking command in '/home/miningdox/tfg/pruebas/herramientasadicionales/lidarslam/cloud_fixer': PYTHONPATH=/home/miningdox/tfg/pruebas/herramientasadicionales/lidarslam/build/cloud_fixer/prefix_override:/usr/lib/python3/dist-packages/colcon_core/task/python/colcon_distutils_commands:/home/miningdox/tfg/pruebas/herramientasadicionales/lidarslam/install/cloud_fixer/lib/python3.10/site-packages:${PYTHONPATH} /usr/bin/python3 -W ignore:setup.py install is deprecated -W ignore:easy_install command is deprecated setup.py egg_info --egg-base ../build/cloud_fixer build --build-base /home/miningdox/tfg/pruebas/herramientasadicionales/lidarslam/build/cloud_fixer/build install --record /home/miningdox/tfg/pruebas/herramientasadicionales/lidarslam/build/cloud_fixer/install.log --single-version-externally-managed install_data
[0.552s] DEBUG:colcon.colcon_core.event_handler.log_command:Invoked command in '/home/miningdox/tfg/pruebas/herramientasadicionales/lidarslam/cloud_fixer' returned '0': PYTHONPATH=/home/miningdox/tfg/pruebas/herramientasadicionales/lidarslam/build/cloud_fixer/prefix_override:/usr/lib/python3/dist-packages/colcon_core/task/python/colcon_distutils_commands:/home/miningdox/tfg/pruebas/herramientasadicionales/lidarslam/install/cloud_fixer/lib/python3.10/site-packages:${PYTHONPATH} /usr/bin/python3 -W ignore:setup.py install is deprecated -W ignore:easy_install command is deprecated setup.py egg_info --egg-base ../build/cloud_fixer build --build-base /home/miningdox/tfg/pruebas/herramientasadicionales/lidarslam/build/cloud_fixer/build install --record /home/miningdox/tfg/pruebas/herramientasadicionales/lidarslam/build/cloud_fixer/install.log --single-version-externally-managed install_data
[0.553s] Level 1:colcon.colcon_core.environment:checking '/home/miningdox/tfg/pruebas/herramientasadicionales/lidarslam/install/cloud_fixer' for CMake module files
[0.553s] Level 1:colcon.colcon_core.environment:checking '/home/miningdox/tfg/pruebas/herramientasadicionales/lidarslam/install/cloud_fixer' for CMake config files
[0.553s] Level 1:colcon.colcon_core.environment:checking '/home/miningdox/tfg/pruebas/herramientasadicionales/lidarslam/install/cloud_fixer/lib'
[0.553s] Level 1:colcon.colcon_core.environment:checking '/home/miningdox/tfg/pruebas/herramientasadicionales/lidarslam/install/cloud_fixer/bin'
[0.553s] Level 1:colcon.colcon_core.environment:checking '/home/miningdox/tfg/pruebas/herramientasadicionales/lidarslam/install/cloud_fixer/lib/pkgconfig/cloud_fixer.pc'
[0.553s] Level 1:colcon.colcon_core.environment:checking '/home/miningdox/tfg/pruebas/herramientasadicionales/lidarslam/install/cloud_fixer/lib/python3.10/site-packages'
[0.553s] Level 1:colcon.colcon_core.shell:create_environment_hook('cloud_fixer', 'pythonpath')
[0.553s] INFO:colcon.colcon_core.shell:Creating environment hook '/home/miningdox/tfg/pruebas/herramientasadicionales/lidarslam/install/cloud_fixer/share/cloud_fixer/hook/pythonpath.ps1'
[0.553s] INFO:colcon.colcon_core.shell:Creating environment descriptor '/home/miningdox/tfg/pruebas/herramientasadicionales/lidarslam/install/cloud_fixer/share/cloud_fixer/hook/pythonpath.dsv'
[0.554s] INFO:colcon.colcon_core.shell:Creating environment hook '/home/miningdox/tfg/pruebas/herramientasadicionales/lidarslam/install/cloud_fixer/share/cloud_fixer/hook/pythonpath.sh'
[0.554s] Level 1:colcon.colcon_core.environment:checking '/home/miningdox/tfg/pruebas/herramientasadicionales/lidarslam/install/cloud_fixer/bin'
[0.554s] Level 1:colcon.colcon_core.environment:create_environment_scripts_only(cloud_fixer)
[0.554s] INFO:colcon.colcon_core.shell:Creating package script '/home/miningdox/tfg/pruebas/herramientasadicionales/lidarslam/install/cloud_fixer/share/cloud_fixer/package.ps1'
[0.554s] INFO:colcon.colcon_core.shell:Creating package descriptor '/home/miningdox/tfg/pruebas/herramientasadicionales/lidarslam/install/cloud_fixer/share/cloud_fixer/package.dsv'
[0.554s] INFO:colcon.colcon_core.shell:Creating package script '/home/miningdox/tfg/pruebas/herramientasadicionales/lidarslam/install/cloud_fixer/share/cloud_fixer/package.sh'
[0.555s] INFO:colcon.colcon_core.shell:Creating package script '/home/miningdox/tfg/pruebas/herramientasadicionales/lidarslam/install/cloud_fixer/share/cloud_fixer/package.bash'
[0.555s] INFO:colcon.colcon_core.shell:Creating package script '/home/miningdox/tfg/pruebas/herramientasadicionales/lidarslam/install/cloud_fixer/share/cloud_fixer/package.zsh'
[0.555s] Level 1:colcon.colcon_core.environment:create_file_with_runtime_dependencies(/home/miningdox/tfg/pruebas/herramientasadicionales/lidarslam/install/cloud_fixer/share/colcon-core/packages/cloud_fixer)
[0.555s] DEBUG:colcon.colcon_parallel_executor.executor.parallel:closing loop
[0.555s] DEBUG:colcon.colcon_parallel_executor.executor.parallel:loop closed
[0.555s] DEBUG:colcon.colcon_parallel_executor.executor.parallel:run_until_complete finished with '0'
[0.555s] DEBUG:colcon.colcon_core.event_reactor:joining thread
[0.558s] INFO:colcon.colcon_core.plugin_system:Skipping extension 'colcon_notification.desktop_notification.terminal_notifier': Not used on non-Darwin systems
[0.558s] INFO:colcon.colcon_core.plugin_system:Skipping extension 'colcon_notification.desktop_notification.win32': Not used on non-Windows systems
[0.558s] INFO:colcon.colcon_notification.desktop_notification:Sending desktop notification using 'notify2'
[0.564s] DEBUG:colcon.colcon_core.event_reactor:joined thread
[0.564s] INFO:colcon.colcon_core.shell:Creating prefix script '/home/miningdox/tfg/pruebas/herramientasadicionales/lidarslam/install/local_setup.ps1'
[0.564s] INFO:colcon.colcon_core.shell:Creating prefix util module '/home/miningdox/tfg/pruebas/herramientasadicionales/lidarslam/install/_local_setup_util_ps1.py'
[0.565s] INFO:colcon.colcon_core.shell:Creating prefix chain script '/home/miningdox/tfg/pruebas/herramientasadicionales/lidarslam/install/setup.ps1'
[0.565s] INFO:colcon.colcon_core.shell:Creating prefix script '/home/miningdox/tfg/pruebas/herramientasadicionales/lidarslam/install/local_setup.sh'
[0.565s] INFO:colcon.colcon_core.shell:Creating prefix util module '/home/miningdox/tfg/pruebas/herramientasadicionales/lidarslam/install/_local_setup_util_sh.py'
[0.566s] INFO:colcon.colcon_core.shell:Creating prefix chain script '/home/miningdox/tfg/pruebas/herramientasadicionales/lidarslam/install/setup.sh'
[0.566s] INFO:colcon.colcon_core.shell:Creating prefix script '/home/miningdox/tfg/pruebas/herramientasadicionales/lidarslam/install/local_setup.bash'
[0.566s] INFO:colcon.colcon_core.shell:Creating prefix chain script '/home/miningdox/tfg/pruebas/herramientasadicionales/lidarslam/install/setup.bash'
[0.567s] INFO:colcon.colcon_core.shell:Creating prefix script '/home/miningdox/tfg/pruebas/herramientasadicionales/lidarslam/install/local_setup.zsh'
[0.567s] INFO:colcon.colcon_core.shell:Creating prefix chain script '/home/miningdox/tfg/pruebas/herramientasadicionales/lidarslam/install/setup.zsh'
